<?xml version="1.0" encoding="UTF-8"?>
<!-- Generated by org.testng.reporters.JUnitReportReporter -->
<testsuite hostname="DESKTOP-7LDPBGD" failures="0" tests="1" name="auto.AutoTest" time="6.405" errors="0" timestamp="2022-11-07T23:30:08 EST" skipped="0">
  <testcase classname="auto.AutoTest" name="aTest" time="6.405"/>
  <system-out/>
</testsuite> <!-- auto.AutoTest -->
